<?xml version="1.0" encoding="UTF-8"?>
<!-- Generated by org.testng.reporters.JUnitReportReporter -->
<testsuite hostname="Anuradhas-MacBook-Pro.local" failures="0" tests="9" name="testcases.LoginPage_Test" time="122.671" errors="0" timestamp="2022-06-10T17:53:12 AEST" skipped="0">
  <testcase classname="testcases.LoginPage_Test" name="test_login_with_correct_details" time="15.837"/>
  <system-out/>
  <testcase classname="testcases.LoginPage_Test" name="test_forgot_password" time="12.067"/>
  <system-out/>
  <testcase classname="testcases.LoginPage_Test" name="test_remember_me_negative" time="19.559"/>
  <system-out/>
  <testcase classname="testcases.LoginPage_Test" name="test_login_with_blank_details" time="9.905"/>
  <system-out/>
  <testcase classname="testcases.LoginPage_Test" name="test_password_is_hidden" time="9.845"/>
  <system-out/>
  <testcase classname="testcases.LoginPage_Test" name="test_login_with_incorrect_userName" time="9.121"/>
  <system-out/>
  <testcase classname="testcases.LoginPage_Test" name="test_remember_me" time="23.641"/>
  <system-out/>
  <testcase classname="testcases.LoginPage_Test" name="test_login_with_special_characters" time="10.933"/>
  <system-out/>
  <testcase classname="testcases.LoginPage_Test" name="test_login_with_incorrect_password" time="11.763"/>
  <system-out/>
</testsuite> <!-- testcases.LoginPage_Test -->
